Determining if the pthread_create exist failed with the following output:
Change Dir: /home/mostafa/hrwros_ws/build/week4_moveit_config/CMakeFiles/CMakeTmp

Run Build Command:"/usr/bin/make" "cmTC_9c24a/fast"
/usr/bin/make -f CMakeFiles/cmTC_9c24a.dir/build.make CMakeFiles/cmTC_9c24a.dir/build
make[1]: Entering directory '/home/mostafa/hrwros_ws/build/week4_moveit_config/CMakeFiles/CMakeTmp'
Building C object CMakeFiles/cmTC_9c24a.dir/CheckSymbolExists.c.o
/usr/bin/cc    -o CMakeFiles/cmTC_9c24a.dir/CheckSymbolExists.c.o   -c /home/mostafa/hrwros_ws/build/week4_moveit_config/CMakeFiles/CMakeTmp/CheckSymbolExists.c
Linking C executable cmTC_9c24a
/usr/bin/cmake -E cmake_link_script CMakeFiles/cmTC_9c24a.dir/link.txt --verbose=1
/usr/bin/cc      -rdynamic CMakeFiles/cmTC_9c24a.dir/CheckSymbolExists.c.o  -o cmTC_9c24a 
CMakeFiles/cmTC_9c24a.dir/CheckSymbolExists.c.o: In function `main':
CheckSymbolExists.c:(.text+0x1b): undefined reference to `pthread_create'
collect2: error: ld returned 1 exit status
CMakeFiles/cmTC_9c24a.dir/build.make:97: recipe for target 'cmTC_9c24a' failed
make[1]: *** [cmTC_9c24a] Error 1
make[1]: Leaving directory '/home/mostafa/hrwros_ws/build/week4_moveit_config/CMakeFiles/CMakeTmp'
Makefile:126: recipe for target 'cmTC_9c24a/fast' failed
make: *** [cmTC_9c24a/fast] Error 2

File /home/mostafa/hrwros_ws/build/week4_moveit_config/CMakeFiles/CMakeTmp/CheckSymbolExists.c:
/* */
#include <pthread.h>

int main(int argc, char** argv)
{
  (void)argv;
#ifndef pthread_create
  return ((int*)(&pthread_create))[argc];
#else
  (void)argc;
  return 0;
#endif
}

Determining if the function pthread_create exists in the pthreads failed with the following output:
Change Dir: /home/mostafa/hrwros_ws/build/week4_moveit_config/CMakeFiles/CMakeTmp

Run Build Command:"/usr/bin/make" "cmTC_39120/fast"
/usr/bin/make -f CMakeFiles/cmTC_39120.dir/build.make CMakeFiles/cmTC_39120.dir/build
make[1]: Entering directory '/home/mostafa/hrwros_ws/build/week4_moveit_config/CMakeFiles/CMakeTmp'
Building C object CMakeFiles/cmTC_39120.dir/CheckFunctionExists.c.o
/usr/bin/cc   -DCHECK_FUNCTION_EXISTS=pthread_create   -o CMakeFiles/cmTC_39120.dir/CheckFunctionExists.c.o   -c /usr/share/cmake-3.10/Modules/CheckFunctionExists.c
Linking C executable cmTC_39120
/usr/bin/cmake -E cmake_link_script CMakeFiles/cmTC_39120.dir/link.txt --verbose=1
/usr/bin/cc  -DCHECK_FUNCTION_EXISTS=pthread_create    -rdynamic CMakeFiles/cmTC_39120.dir/CheckFunctionExists.c.o  -o cmTC_39120 -lpthreads 
/usr/bin/ld: cannot find -lpthreads
collect2: error: ld returned 1 exit status
CMakeFiles/cmTC_39120.dir/build.make:97: recipe for target 'cmTC_39120' failed
make[1]: *** [cmTC_39120] Error 1
make[1]: Leaving directory '/home/mostafa/hrwros_ws/build/week4_moveit_config/CMakeFiles/CMakeTmp'
Makefile:126: recipe for target 'cmTC_39120/fast' failed
make: *** [cmTC_39120/fast] Error 2


