Determining if the pthread_create exist failed with the following output:
Change Dir: /home/mostafa/hrwros_ws/build/hrwros_week2/CMakeFiles/CMakeTmp

Run Build Command:"/usr/bin/make" "cmTC_6dfac/fast"
/usr/bin/make -f CMakeFiles/cmTC_6dfac.dir/build.make CMakeFiles/cmTC_6dfac.dir/build
make[1]: Entering directory '/home/mostafa/hrwros_ws/build/hrwros_week2/CMakeFiles/CMakeTmp'
Building C object CMakeFiles/cmTC_6dfac.dir/CheckSymbolExists.c.o
/usr/bin/cc    -o CMakeFiles/cmTC_6dfac.dir/CheckSymbolExists.c.o   -c /home/mostafa/hrwros_ws/build/hrwros_week2/CMakeFiles/CMakeTmp/CheckSymbolExists.c
Linking C executable cmTC_6dfac
/usr/bin/cmake -E cmake_link_script CMakeFiles/cmTC_6dfac.dir/link.txt --verbose=1
/usr/bin/cc      -rdynamic CMakeFiles/cmTC_6dfac.dir/CheckSymbolExists.c.o  -o cmTC_6dfac 
CMakeFiles/cmTC_6dfac.dir/CheckSymbolExists.c.o: In function `main':
CheckSymbolExists.c:(.text+0x1b): undefined reference to `pthread_create'
collect2: error: ld returned 1 exit status
CMakeFiles/cmTC_6dfac.dir/build.make:97: recipe for target 'cmTC_6dfac' failed
make[1]: *** [cmTC_6dfac] Error 1
make[1]: Leaving directory '/home/mostafa/hrwros_ws/build/hrwros_week2/CMakeFiles/CMakeTmp'
Makefile:126: recipe for target 'cmTC_6dfac/fast' failed
make: *** [cmTC_6dfac/fast] Error 2

File /home/mostafa/hrwros_ws/build/hrwros_week2/CMakeFiles/CMakeTmp/CheckSymbolExists.c:
/* */
#include <pthread.h>

int main(int argc, char** argv)
{
  (void)argv;
#ifndef pthread_create
  return ((int*)(&pthread_create))[argc];
#else
  (void)argc;
  return 0;
#endif
}

Determining if the function pthread_create exists in the pthreads failed with the following output:
Change Dir: /home/mostafa/hrwros_ws/build/hrwros_week2/CMakeFiles/CMakeTmp

Run Build Command:"/usr/bin/make" "cmTC_b2867/fast"
/usr/bin/make -f CMakeFiles/cmTC_b2867.dir/build.make CMakeFiles/cmTC_b2867.dir/build
make[1]: Entering directory '/home/mostafa/hrwros_ws/build/hrwros_week2/CMakeFiles/CMakeTmp'
Building C object CMakeFiles/cmTC_b2867.dir/CheckFunctionExists.c.o
/usr/bin/cc   -DCHECK_FUNCTION_EXISTS=pthread_create   -o CMakeFiles/cmTC_b2867.dir/CheckFunctionExists.c.o   -c /usr/share/cmake-3.10/Modules/CheckFunctionExists.c
Linking C executable cmTC_b2867
/usr/bin/cmake -E cmake_link_script CMakeFiles/cmTC_b2867.dir/link.txt --verbose=1
/usr/bin/cc  -DCHECK_FUNCTION_EXISTS=pthread_create    -rdynamic CMakeFiles/cmTC_b2867.dir/CheckFunctionExists.c.o  -o cmTC_b2867 -lpthreads 
/usr/bin/ld: cannot find -lpthreads
collect2: error: ld returned 1 exit status
CMakeFiles/cmTC_b2867.dir/build.make:97: recipe for target 'cmTC_b2867' failed
make[1]: *** [cmTC_b2867] Error 1
make[1]: Leaving directory '/home/mostafa/hrwros_ws/build/hrwros_week2/CMakeFiles/CMakeTmp'
Makefile:126: recipe for target 'cmTC_b2867/fast' failed
make: *** [cmTC_b2867/fast] Error 2


