Determining if the pthread_create exist failed with the following output:
Change Dir: /home/mostafa/hrwros_ws/build/hrwros_support/CMakeFiles/CMakeTmp

Run Build Command:"/usr/bin/make" "cmTC_4e55d/fast"
/usr/bin/make -f CMakeFiles/cmTC_4e55d.dir/build.make CMakeFiles/cmTC_4e55d.dir/build
make[1]: Entering directory '/home/mostafa/hrwros_ws/build/hrwros_support/CMakeFiles/CMakeTmp'
Building C object CMakeFiles/cmTC_4e55d.dir/CheckSymbolExists.c.o
/usr/bin/cc    -o CMakeFiles/cmTC_4e55d.dir/CheckSymbolExists.c.o   -c /home/mostafa/hrwros_ws/build/hrwros_support/CMakeFiles/CMakeTmp/CheckSymbolExists.c
Linking C executable cmTC_4e55d
/usr/bin/cmake -E cmake_link_script CMakeFiles/cmTC_4e55d.dir/link.txt --verbose=1
/usr/bin/cc      -rdynamic CMakeFiles/cmTC_4e55d.dir/CheckSymbolExists.c.o  -o cmTC_4e55d 
CMakeFiles/cmTC_4e55d.dir/CheckSymbolExists.c.o: In function `main':
CheckSymbolExists.c:(.text+0x1b): undefined reference to `pthread_create'
collect2: error: ld returned 1 exit status
CMakeFiles/cmTC_4e55d.dir/build.make:97: recipe for target 'cmTC_4e55d' failed
make[1]: *** [cmTC_4e55d] Error 1
make[1]: Leaving directory '/home/mostafa/hrwros_ws/build/hrwros_support/CMakeFiles/CMakeTmp'
Makefile:126: recipe for target 'cmTC_4e55d/fast' failed
make: *** [cmTC_4e55d/fast] Error 2

File /home/mostafa/hrwros_ws/build/hrwros_support/CMakeFiles/CMakeTmp/CheckSymbolExists.c:
/* */
#include <pthread.h>

int main(int argc, char** argv)
{
  (void)argv;
#ifndef pthread_create
  return ((int*)(&pthread_create))[argc];
#else
  (void)argc;
  return 0;
#endif
}

Determining if the function pthread_create exists in the pthreads failed with the following output:
Change Dir: /home/mostafa/hrwros_ws/build/hrwros_support/CMakeFiles/CMakeTmp

Run Build Command:"/usr/bin/make" "cmTC_c954c/fast"
/usr/bin/make -f CMakeFiles/cmTC_c954c.dir/build.make CMakeFiles/cmTC_c954c.dir/build
make[1]: Entering directory '/home/mostafa/hrwros_ws/build/hrwros_support/CMakeFiles/CMakeTmp'
Building C object CMakeFiles/cmTC_c954c.dir/CheckFunctionExists.c.o
/usr/bin/cc   -DCHECK_FUNCTION_EXISTS=pthread_create   -o CMakeFiles/cmTC_c954c.dir/CheckFunctionExists.c.o   -c /usr/share/cmake-3.10/Modules/CheckFunctionExists.c
Linking C executable cmTC_c954c
/usr/bin/cmake -E cmake_link_script CMakeFiles/cmTC_c954c.dir/link.txt --verbose=1
/usr/bin/cc  -DCHECK_FUNCTION_EXISTS=pthread_create    -rdynamic CMakeFiles/cmTC_c954c.dir/CheckFunctionExists.c.o  -o cmTC_c954c -lpthreads 
/usr/bin/ld: cannot find -lpthreads
collect2: error: ld returned 1 exit status
CMakeFiles/cmTC_c954c.dir/build.make:97: recipe for target 'cmTC_c954c' failed
make[1]: *** [cmTC_c954c] Error 1
make[1]: Leaving directory '/home/mostafa/hrwros_ws/build/hrwros_support/CMakeFiles/CMakeTmp'
Makefile:126: recipe for target 'cmTC_c954c/fast' failed
make: *** [cmTC_c954c/fast] Error 2


